<testng-results>
  <reporter-output>
  </reporter-output>
  <suite name="Tests for the skalman scala container">
    <groups>
      <group name="unit">
        <method signature="se.scalablesolutions.skalman.InterceptorSuite.testMethodAnnotationOnParentInterfaceMatchingInterceptor()" name="testMethodAnnotationOnParentInterfaceMatchingInterceptor" class="se.scalablesolutions.skalman.InterceptorSuite"/>
        <method signature="se.scalablesolutions.skalman.InterceptorSuite.testMethodAnnotationOnInterfaceMatchingInterceptor()" name="testMethodAnnotationOnInterfaceMatchingInterceptor" class="se.scalablesolutions.skalman.InterceptorSuite"/>
      </group>
    </groups>
    <test name="skalman">
      <class name="se.scalablesolutions.skalman.InterceptorSuite">
        <test-method status="PASS" signature="testMethodAnnotationOnInterfaceMatchingInterceptor()" name="testMethodAnnotationOnInterfaceMatchingInterceptor" duration-ms="0" started-at="2009-04-05T11:59:43Z" finished-at="2009-04-05T11:59:43Z">
        </test-method>
        <test-method status="PASS" signature="testMethodAnnotationOnParentInterfaceMatchingInterceptor()" name="testMethodAnnotationOnParentInterfaceMatchingInterceptor" duration-ms="265" started-at="2009-04-05T11:59:43Z" finished-at="2009-04-05T11:59:43Z">
        </test-method>
        <test-method status="PASS" signature="resetLog()" name="resetLog" is-config="true" duration-ms="0" started-at="2009-04-05T11:59:43Z" finished-at="2009-04-05T11:59:43Z">
        </test-method>
        <test-method status="PASS" signature="resetLog()" name="resetLog" is-config="true" duration-ms="0" started-at="2009-04-05T11:59:43Z" finished-at="2009-04-05T11:59:43Z">
        </test-method>
      </class>
    </test>
  </suite>
</testng-results>
